<?xml version="1.0" encoding="UTF-8" ?>
<beans xmlns="http://www.springframework.org/schema/beans"
       xmlns:xsi="http://www.w3.org/2001/XMLSchema-instance"
       xmlns:aop="http://www.springframework.org/schema/aop"
       xmlns:context="http://www.springframework.org/schema/context"
       xmlns:tx="http://www.springframework.org/schema/tx"
       xsi:schemaLocation="http://www.springframework.org/schema/beans
                http://www.springframework.org/schema/beans/spring-beans-3.0.xsd
                http://www.springframework.org/schema/aop
                http://www.springframework.org/schema/aop/spring-aop-3.0.xsd
                http://www.springframework.org/schema/context
                http://www.springframework.org/schema/context/spring-context-3.0.xsd
                http://www.springframework.org/schema/tx
                http://www.springframework.org/schema/tx/spring-tx-2.5.xsd">
    <!--
    <bean id="dataSource" class="org.springframework.jdbc.datasource.SimpleDriverDataSource">
        <property name="driverClass" value="org.h2.Driver" />
        <property name="url" value="jdbc:h2:tcp://localhost/~/test" />
        <property name="username" value="sa" />
        <property name="password" value="" />
    </bean>
    -->

    <bean id="dataSource" class="org.springframework.jdbc.datasource.SimpleDriverDataSource">
        <property name="driverClass" value="com.mysql.cj.jdbc.Driver" />
        <property name="url" value="jdbc:mysql://localhost/testdb" />
        <property name="username" value="root" />
        <property name="password" value="" />
    </bean>

    <bean id="transactionManager" class="org.springframework.jdbc.datasource.DataSourceTransactionManager">
        <property name="dataSource" ref="dataSource" />
    </bean>

    <tx:annotation-driven />

    <context:annotation-config />

    <!--
    <bean class="org.springframework.aop.framework.autoproxy.DefaultAdvisorAutoProxyCreator" />

    <bean id="transactionAdvice" class="org.springframework.transaction.interceptor.TransactionInterceptor">
        <property name="transactionManager" ref="transactionManager" />
        <property name="transactionAttributes">
            <props>
                <prop key="get*">PROPAGATION_REQUIRED, readOnly</prop>
                <prop key="*">PROPAGATION_REQUIRED</prop>
            </props>
        </property>
    </bean>

    <tx:advice id="transactionAdvice">
      <tx:attributes>
          <tx:method name="get*" read-only="true" />
          <tx:method name="*" />
      </tx:attributes>
    </tx:advice>

    <aop:config>
        <aop:advisor advice-ref="transactionAdvice" pointcut="bean(*Service)" />
    </aop:config>
    -->

    <bean id="userService" class="com.example.tobyspring.user.service.UserServiceImpl">
        <property name="userDao" ref="userDao" />
        <property name="mailSender" ref="mailSender" />
    </bean>

    <bean id="testUserService" class="com.example.tobyspring.user.service.UserServiceTest$TestUserServiceImpl" parent="userService" />

    <bean id="userDao" class="com.example.tobyspring.user.dao.UserDaoJdbc">
        <property name="dataSource" ref="dataSource" />
        <property name="sqlService" ref="sqlService" />
    </bean>

    <bean id="sqlService" class="com.example.tobyspring.user.sqlservice.DefaultSqlService" />

    <!--
    <bean id="sqlService" class="com.example.tobyspring.user.sqlservice.BaseSqlService">
        <property name="sqlReader" ref="sqlReader" />
        <property name="sqlRegistry" ref="sqlRegistry" />
    </bean>

    <bean id="sqlReader" class="com.example.tobyspring.user.sqlservice.JaxbXmlReader">
        <property name="sqlmapFile" value="/sqlmap.xml" />
    </bean>

    <bean id="sqlRegistry" class="com.example.tobyspring.user.sqlservice.HashMapSqlRegistry">
    </bean>
    -->
    <bean id="mailSender" class="com.example.tobyspring.user.service.DummyMailSender" />
</beans>