<?xml version="1.0" encoding="UTF-8" ?>
<beans xmlns="http://www.springframework.org/schema/beans"
       xmlns:xsi="http://www.w3.org/2001/XMLSchema-instance"
       xsi:schemaLocation="http://www.springframework.org/schema/beans
                http://www.springframework.org/schema/beans/spring-beans-3.0.xsd">
    <!--
    <bean id="dataSource" class="org.springframework.jdbc.datasource.SimpleDriverDataSource">
        <property name="driverClass" value="org.h2.Driver" />
        <property name="url" value="jdbc:h2:tcp://localhost/~/test" />
        <property name="username" value="sa" />
        <property name="password" value="" />
    </bean>
    -->
    <bean id="dataSource" class="org.springframework.jdbc.datasource.SimpleDriverDataSource">
        <property name="driverClass" value="com.mysql.cj.jdbc.Driver" />
        <property name="url" value="jdbc:mysql://localhost/testdb" />
        <property name="username" value="root" />
        <property name="password" value="" />
    </bean>

    <bean id="userService" class="com.example.tobyspring.user.service.UserService">
        <property name="userDao" ref="userDao" />
    </bean>

    <bean id="userDao" class="com.example.tobyspring.user.dao.UserDaoJdbc">
        <property name="dataSource" ref="dataSource" />
    </bean>
</beans>