<?xml version="1.0" encoding="UTF-8" ?>
<beans xmlns="http://www.springframework.org/schema/beans"
       xmlns:xsi="http://www.w3.org/2001/XMLSchema-instance"
       xmlns:aop="http://www.springframework.org/schema/aop"
       xsi:schemaLocation="http://www.springframework.org/schema/beans
                http://www.springframework.org/schema/beans/spring-beans-3.0.xsd
                http://www.springframework.org/schema/aop
                http://www.springframework.org/schema/aop/spring-aop-3.0.xsd">
    <!--
    <bean id="dataSource" class="org.springframework.jdbc.datasource.SimpleDriverDataSource">
        <property name="driverClass" value="org.h2.Driver" />
        <property name="url" value="jdbc:h2:tcp://localhost/~/test" />
        <property name="username" value="sa" />
        <property name="password" value="" />
    </bean>
    -->
    <bean class="org.springframework.aop.framework.autoproxy.DefaultAdvisorAutoProxyCreator" />

    <bean id="dataSource" class="org.springframework.jdbc.datasource.SimpleDriverDataSource">
        <property name="driverClass" value="com.mysql.cj.jdbc.Driver" />
        <property name="url" value="jdbc:mysql://localhost/testdb" />
        <property name="username" value="root" />
        <property name="password" value="" />
    </bean>

    <bean id="transactionManager" class="org.springframework.jdbc.datasource.DataSourceTransactionManager">
        <property name="dataSource" ref="dataSource" />
    </bean>

    <bean id="transactionAdvice" class="org.springframework.transaction.interceptor.TransactionInterceptor">
        <property name="transactionManager" ref="transactionManager" />
        <property name="transactionAttributes">
            <props>
                <prop key="get*">PROPAGATION_REQUIRED,readOnly,timeout_30</prop>
                <prop key="upgrade*">PROPAGATION_REQUIRES_NEW,ISOLATION_SERIALIZABLE</prop>
                <prop key="*">PROPAGATION_REQUIRED</prop>
            </props>
        </property>
    </bean>

    <aop:config>
        <aop:advisor advice-ref="transactionAdvice" pointcut="execution(* *..*ServiceImpl.upgrade*(..))" />
    </aop:config>

    <bean id="userService" class="com.example.tobyspring.user.service.UserServiceImpl">
        <property name="userDao" ref="userDao" />
        <property name="mailSender" ref="mailSender" />
    </bean>

    <bean id="testUserService" class="com.example.tobyspring.user.service.UserServiceTest$TestUserServiceImpl" parent="userService" />

    <bean id="userDao" class="com.example.tobyspring.user.dao.UserDaoJdbc">
        <property name="dataSource" ref="dataSource" />
    </bean>

    <bean id="mailSender" class="com.example.tobyspring.user.service.DummyMailSender" />
</beans>